Base path: D:/Unity2018_340/Editor/Data
Cmd: initializeCompiler
<<<<<<< HEAD
=======
<<<<<<< HEAD
<<<<<<< HEAD
=======
Cmd: initializeCompiler
Cmd: initializeCompiler
Cmd: initializeCompiler
Cmd: initializeCompiler
Cmd: initializeCompiler
Cmd: initializeCompiler
Cmd: initializeCompiler
Cmd: initializeCompiler
Cmd: initializeCompiler
Cmd: initializeCompiler
Cmd: initializeCompiler
Cmd: initializeCompiler
Cmd: initializeCompiler
>>>>>>> d4a544e1379166d3439a765a2bc0c947f581b5f3
=======
>>>>>>> 07240b3fec3ef9c903d085baf2315aa092ae918a
>>>>>>> 6564a431169a19cf10c2216004a4f16da6bf4e2c
